<?xml version="1.0" encoding="UTF-8"?>
<!-- Generated by org.testng.reporters.JUnitXMLReporter -->
<testsuite ignored="0" hostname="Spide" failures="0" tests="4" name="Test" time="26.822" errors="0" timestamp="2023-02-24T23:46:43 EST">
  <testcase classname="toTest.logIn" name="log" time="1.391"/>
  <testcase classname="toTest.logIn" name="log" time="11.077"/>
  <testcase classname="toTest.testToTry" name="letsTest" time="0.0"/>
  <testcase classname="toTest.testToWork" name="LandOnElementPage" time="0.001"/>
</testsuite> <!-- Test -->
